<?xml version="1.0" encoding="UTF-8"?>
<testng-results skipped="0" failed="0" total="2" passed="2">
  <reporter-output>
    <line>
      <![CDATA[SCREENSHOT: <a href='c://tmp//screenshot.png'><img border='0', src='screenShotName' width='80' height ='60'/></a>]]>
    </line>
  </reporter-output>
  <suite name="Suite" duration-ms="8644" started-at="2015-09-07T17:43:47Z" finished-at="2015-09-07T17:43:55Z">
    <groups>
    </groups>
    <test name="Test" duration-ms="8644" started-at="2015-09-07T17:43:47Z" finished-at="2015-09-07T17:43:55Z">
      <class name="Selenium.NewTest">
        <test-method status="PASS" signature="f()[pri:0, instance:Selenium.NewTest@351d00c0]" name="f" duration-ms="4778" started-at="2015-09-07T23:13:47Z" finished-at="2015-09-07T23:13:52Z">
          <reporter-output>
            <line>
              <![CDATA[SCREENSHOT: <a href='c://tmp//screenshot.png'><img border='0', src='screenShotName' width='80' height ='60'/></a>]]>
            </line>
          </reporter-output>
        </test-method> <!-- f -->
        <test-method status="PASS" signature="f1()[pri:0, instance:Selenium.NewTest@351d00c0]" name="f1" duration-ms="3852" started-at="2015-09-07T23:13:52Z" finished-at="2015-09-07T23:13:55Z">
          <reporter-output>
          </reporter-output>
        </test-method> <!-- f1 -->
      </class> <!-- Selenium.NewTest -->
    </test> <!-- Test -->
  </suite> <!-- Suite -->
</testng-results>
