<?xml version="1.0" encoding="UTF-8"?>
<testng-results skipped="0" failed="0" total="1" passed="1">
  <reporter-output>
  </reporter-output>
  <suite name="Suite" duration-ms="26" started-at="2015-09-14T15:23:17Z" finished-at="2015-09-14T15:23:17Z">
    <groups>
    </groups>
    <test name="Test" duration-ms="26" started-at="2015-09-14T15:23:17Z" finished-at="2015-09-14T15:23:17Z">
      <class name="SeleniumFrame.SeleniumTests">
        <test-method status="PASS" signature="f()[pri:0, instance:SeleniumFrame.SeleniumTests@50cbc42f]" name="f" duration-ms="9" started-at="2015-09-14T20:53:17Z" finished-at="2015-09-14T20:53:17Z">
          <reporter-output>
          </reporter-output>
        </test-method> <!-- f -->
      </class> <!-- SeleniumFrame.SeleniumTests -->
    </test> <!-- Test -->
  </suite> <!-- Suite -->
</testng-results>
